mmap(NULL, 8192, PROT_READ|PROT_WRITE, MAP_PRIVATE|MAP_ANONYMOUS, -1, 0) = 0x7f67408be000
openat(AT_FDCWD, "/etc/ld.so.cache", O_RDONLY|O_CLOEXEC) = 3
mmap(NULL, 60851, PROT_READ, MAP_PRIVATE, 3, 0) = 0x7f67408af000
openat(AT_FDCWD, "/lib/x86_64-linux-gnu/libc.so.6", O_RDONLY|O_CLOEXEC) = 3
read(3, "\177ELF\2\1\1\3\0\0\0\0\0\0\0\0\3\0>\0\1\0\0\0P\237\2\0\0\0\0\0"..., 832) = 832
mmap(NULL, 2260560, PROT_READ, MAP_PRIVATE|MAP_DENYWRITE, 3, 0) = 0x7f6740600000
mmap(0x7f6740628000, 1658880, PROT_READ|PROT_EXEC, MAP_PRIVATE|MAP_FIXED|MAP_DENYWRITE, 3, 0x28000) = 0x7f6740628000
mmap(0x7f67407bd000, 360448, PROT_READ, MAP_PRIVATE|MAP_FIXED|MAP_DENYWRITE, 3, 0x1bd000) = 0x7f67407bd000
mmap(0x7f6740815000, 24576, PROT_READ|PROT_WRITE, MAP_PRIVATE|MAP_FIXED|MAP_DENYWRITE, 3, 0x214000) = 0x7f6740815000
mmap(0x7f674081b000, 52816, PROT_READ|PROT_WRITE, MAP_PRIVATE|MAP_FIXED|MAP_ANONYMOUS, -1, 0) = 0x7f674081b000
mmap(NULL, 12288, PROT_READ|PROT_WRITE, MAP_PRIVATE|MAP_ANONYMOUS, -1, 0) = 0x7f67408ac000
openat(AT_FDCWD, "REQ_PIPE_21546", O_RDONLY) = 3
openat(AT_FDCWD, "RESP_PIPE_21546", O_WRONLY) = 4
read(3, "\n", 1)                        = 1
read(3, "C", 1)                         = 1
read(3, "R", 1)                         = 1
read(3, "E", 1)                         = 1
read(3, "A", 1)                         = 1
read(3, "T", 1)                         = 1
read(3, "E", 1)                         = 1
read(3, "_", 1)                         = 1
read(3, "S", 1)                         = 1
read(3, "H", 1)                         = 1
read(3, "M", 1)                         = 1
read(3, "\256X2\0", 4)                  = 4
openat(AT_FDCWD, "/dev/shm/SAuHGpX", O_RDWR|O_CREAT|O_NOFOLLOW|O_CLOEXEC, 0644) = 5
mmap(NULL, 3299502, PROT_READ|PROT_WRITE, MAP_SHARED, 5, 0) = 0x7f67402da000
read(3, "\10", 1)                       = 1
read(3, "M", 1)                         = 1
read(3, "A", 1)                         = 1
read(3, "P", 1)                         = 1
read(3, "_", 1)                         = 1
read(3, "F", 1)                         = 1
read(3, "I", 1)                         = 1
read(3, "L", 1)                         = 1
read(3, "E", 1)                         = 1
read(3, "\30", 1)                       = 1
read(3, "t", 1)                         = 1
read(3, "e", 1)                         = 1
read(3, "s", 1)                         = 1
read(3, "t", 1)                         = 1
read(3, "_", 1)                         = 1
read(3, "r", 1)                         = 1
read(3, "o", 1)                         = 1
read(3, "o", 1)                         = 1
read(3, "t", 1)                         = 1
read(3, "/", 1)                         = 1
read(3, "e", 1)                         = 1
read(3, "9", 1)                         = 1
read(3, "F", 1)                         = 1
read(3, "x", 1)                         = 1
read(3, "o", 1)                         = 1
read(3, "z", 1)                         = 1
read(3, "V", 1)                         = 1
read(3, "l", 1)                         = 1
read(3, "i", 1)                         = 1
read(3, "q", 1)                         = 1
read(3, ".", 1)                         = 1
read(3, "X", 1)                         = 1
read(3, "6", 1)                         = 1
read(3, "J", 1)                         = 1
openat(AT_FDCWD, "test_root/e9FxozVliq.X6J", O_RDONLY) = 6
mmap(NULL, 26366, PROT_READ, MAP_PRIVATE, 6, 0) = 0x7f67408b7000
read(3, "\36", 1)                       = 1
read(3, "R", 1)                         = 1
read(3, "E", 1)                         = 1
read(3, "A", 1)                         = 1
read(3, "D", 1)                         = 1
read(3, "_", 1)                         = 1
read(3, "F", 1)                         = 1
read(3, "R", 1)                         = 1
read(3, "O", 1)                         = 1
read(3, "M", 1)                         = 1
read(3, "_", 1)                         = 1
read(3, "L", 1)                         = 1
read(3, "O", 1)                         = 1
read(3, "G", 1)                         = 1
read(3, "I", 1)                         = 1
read(3, "C", 1)                         = 1
read(3, "A", 1)                         = 1
read(3, "L", 1)                         = 1
read(3, "_", 1)                         = 1
read(3, "S", 1)                         = 1
read(3, "P", 1)                         = 1
read(3, "A", 1)                         = 1
read(3, "C", 1)                         = 1
read(3, "E", 1)                         = 1
read(3, "_", 1)                         = 1
read(3, "O", 1)                         = 1
read(3, "F", 1)                         = 1
read(3, "F", 1)                         = 1
read(3, "S", 1)                         = 1
read(3, "E", 1)                         = 1
read(3, "T", 1)                         = 1
read(3, "J", 1)                         = 1
read(3, "\6", 1)                        = 1
read(3, "\0", 1)                        = 1
read(3, "\0", 1)                        = 1
read(3, "a", 1)                         = 1
read(3, "\4", 1)                        = 1
read(3, "\0", 1)                        = 1
read(3, "\0", 1)                        = 1
read(3, "\36", 1)                       = 1
read(3, "R", 1)                         = 1
read(3, "E", 1)                         = 1
read(3, "A", 1)                         = 1
read(3, "D", 1)                         = 1
read(3, "_", 1)                         = 1
read(3, "F", 1)                         = 1
read(3, "R", 1)                         = 1
read(3, "O", 1)                         = 1
read(3, "M", 1)                         = 1
read(3, "_", 1)                         = 1
read(3, "L", 1)                         = 1
read(3, "O", 1)                         = 1
read(3, "G", 1)                         = 1
read(3, "I", 1)                         = 1
read(3, "C", 1)                         = 1
read(3, "A", 1)                         = 1
read(3, "L", 1)                         = 1
read(3, "_", 1)                         = 1
read(3, "S", 1)                         = 1
read(3, "P", 1)                         = 1
read(3, "A", 1)                         = 1
read(3, "C", 1)                         = 1
read(3, "E", 1)                         = 1
read(3, "_", 1)                         = 1
read(3, "O", 1)                         = 1
read(3, "F", 1)                         = 1
read(3, "F", 1)                         = 1
read(3, "S", 1)                         = 1
read(3, "E", 1)                         = 1
read(3, "T", 1)                         = 1
read(3, "\200", 1)                      = 1
read(3, "+", 1)                         = 1
read(3, "\0", 1)                        = 1
read(3, "\0", 1)                        = 1
read(3, "-", 1)                         = 1
read(3, "\6", 1)                        = 1
read(3, "\0", 1)                        = 1
read(3, "\0", 1)                        = 1
read(3, 